# JRE version: OpenJDK Runtime Environment (15.0.2+7) (build 15.0.2+7-27)
# Java VM: OpenJDK 64-Bit Server VM (15.0.2+7-27, mixed mode, tiered, compressed oops, g1 gc, windows-amd64)
GC Precious Log:
 CPUs: 4 total, 4 available
 Memory: 3526M
 Large Page Support: Disabled
 NUMA Support: Disabled
 Compressed Oops: Enabled (32-bit)
 Heap Region Size: 1M
 Heap Min Capacity: 8M
 Heap Initial Capacity: 56M
 Heap Max Capacity: 882M
 Pre-touch: Disabled
 Parallel Workers: 4
 Concurrent Workers: 1
 Concurrent Refinement Workers: 4
 Periodic GC: Disabled
Heap:
 garbage-first heap   total 66560K, used 37122K [0x00000000c8e00000, 0x0000000100000000)
  region size 1024K, 6 young (6144K), 2 survivors (2048K)
 Metaspace       used 72888K, capacity 73506K, committed 73932K, reserved 1114112K
  class space    used 8912K, capacity 9131K, committed 9216K, reserved 1048576K
GC Heap History (20 events):
Event: 14.666 GC heap before
{Heap before GC invocations=26 (full 0):
 garbage-first heap   total 51200K, used 40389K [0x00000000c8e00000, 0x0000000100000000)
  region size 1024K, 19 young (19456K), 3 survivors (3072K)
 Metaspace       used 59794K, capacity 60331K, committed 60492K, reserved 1101824K
  class space    used 7344K, capacity 7521K, committed 7552K, reserved 1048576K
}
Event: 14.676 GC heap after
{Heap after GC invocations=27 (full 0):
 garbage-first heap   total 51200K, used 25211K [0x00000000c8e00000, 0x0000000100000000)
  region size 1024K, 3 young (3072K), 3 survivors (3072K)
 Metaspace       used 59794K, capacity 60331K, committed 60492K, reserved 1101824K
  class space    used 7344K, capacity 7521K, committed 7552K, reserved 1048576K
}
Event: 15.210 GC heap before
{Heap before GC invocations=27 (full 0):
 garbage-first heap   total 51200K, used 40571K [0x00000000c8e00000, 0x0000000100000000)
  region size 1024K, 18 young (18432K), 3 survivors (3072K)
 Metaspace       used 62313K, capacity 62802K, committed 63052K, reserved 1103872K
  class space    used 7627K, capacity 7786K, committed 7808K, reserved 1048576K
}
Event: 15.217 GC heap after
{Heap after GC invocations=28 (full 0):
 garbage-first heap   total 51200K, used 26196K [0x00000000c8e00000, 0x0000000100000000)
  region size 1024K, 3 young (3072K), 3 survivors (3072K)
 Metaspace       used 62313K, capacity 62802K, committed 63052K, reserved 1103872K
  class space    used 7627K, capacity 7786K, committed 7808K, reserved 1048576K
}
Event: 15.408 GC heap before
{Heap before GC invocations=29 (full 0):
 garbage-first heap   total 55296K, used 39508K [0x00000000c8e00000, 0x0000000100000000)
  region size 1024K, 16 young (16384K), 3 survivors (3072K)
 Metaspace       used 62436K, capacity 62940K, committed 63180K, reserved 1103872K
  class space    used 7638K, capacity 7826K, committed 7936K, reserved 1048576K
}
Event: 15.414 GC heap after
{Heap after GC invocations=30 (full 0):
 garbage-first heap   total 66560K, used 26635K [0x00000000c8e00000, 0x0000000100000000)
  region size 1024K, 2 young (2048K), 2 survivors (2048K)
 Metaspace       used 62436K, capacity 62940K, committed 63180K, reserved 1103872K
  class space    used 7638K, capacity 7826K, committed 7936K, reserved 1048576K
}
Event: 15.940 GC heap before
{Heap before GC invocations=30 (full 0):
 garbage-first heap   total 66560K, used 51211K [0x00000000c8e00000, 0x0000000100000000)
  region size 1024K, 26 young (26624K), 2 survivors (2048K)
 Metaspace       used 63225K, capacity 63784K, committed 63948K, reserved 1105920K
  class space    used 7750K, capacity 7931K, committed 7936K, reserved 1048576K
}
Event: 15.949 GC heap after
{Heap after GC invocations=31 (full 0):
 garbage-first heap   total 66560K, used 28913K [0x00000000c8e00000, 0x0000000100000000)
  region size 1024K, 4 young (4096K), 4 survivors (4096K)
 Metaspace       used 63225K, capacity 63784K, committed 63948K, reserved 1105920K
  class space    used 7750K, capacity 7931K, committed 7936K, reserved 1048576K
}
Event: 16.540 GC heap before
{Heap before GC invocations=31 (full 0):
 garbage-first heap   total 66560K, used 52465K [0x00000000c8e00000, 0x0000000100000000)
  region size 1024K, 27 young (27648K), 4 survivors (4096K)
 Metaspace       used 64916K, capacity 65478K, committed 65612K, reserved 1105920K
  class space    used 8000K, capacity 8195K, committed 8320K, reserved 1048576K
}
Event: 16.550 GC heap after
{Heap after GC invocations=32 (full 0):
 garbage-first heap   total 66560K, used 31303K [0x00000000c8e00000, 0x0000000100000000)
  region size 1024K, 3 young (3072K), 3 survivors (3072K)
 Metaspace       used 64916K, capacity 65478K, committed 65612K, reserved 1105920K
  class space    used 8000K, capacity 8195K, committed 8320K, reserved 1048576K
}
Event: 17.289 GC heap before
{Heap before GC invocations=32 (full 0):
 garbage-first heap   total 66560K, used 51783K [0x00000000c8e00000, 0x0000000100000000)
  region size 1024K, 23 young (23552K), 3 survivors (3072K)
 Metaspace       used 66544K, capacity 67105K, committed 67276K, reserved 1107968K
  class space    used 8197K, capacity 8410K, committed 8448K, reserved 1048576K
}
Event: 17.299 GC heap after
{Heap after GC invocations=33 (full 0):
 garbage-first heap   total 66560K, used 33747K [0x00000000c8e00000, 0x0000000100000000)
  region size 1024K, 3 young (3072K), 3 survivors (3072K)
 Metaspace       used 66544K, capacity 67105K, committed 67276K, reserved 1107968K
  class space    used 8197K, capacity 8410K, committed 8448K, reserved 1048576K
}
Event: 726.189 GC heap before
{Heap before GC invocations=33 (full 0):
 garbage-first heap   total 66560K, used 52179K [0x00000000c8e00000, 0x0000000100000000)
  region size 1024K, 21 young (21504K), 3 survivors (3072K)
 Metaspace       used 67840K, capacity 68433K, committed 68684K, reserved 1110016K
  class space    used 8347K, capacity 8550K, committed 8576K, reserved 1048576K
}
Event: 726.454 GC heap after
{Heap after GC invocations=34 (full 0):
 garbage-first heap   total 66560K, used 35152K [0x00000000c8e00000, 0x0000000100000000)
  region size 1024K, 2 young (2048K), 2 survivors (2048K)
 Metaspace       used 67840K, capacity 68433K, committed 68684K, reserved 1110016K
  class space    used 8347K, capacity 8550K, committed 8576K, reserved 1048576K
}
Event: 730.972 GC heap before
{Heap before GC invocations=35 (full 0):
 garbage-first heap   total 66560K, used 53584K [0x00000000c8e00000, 0x0000000100000000)
  region size 1024K, 20 young (20480K), 2 survivors (2048K)
 Metaspace       used 71775K, capacity 72383K, committed 72524K, reserved 1112064K
  class space    used 8839K, capacity 9049K, committed 9088K, reserved 1048576K
}
Event: 730.988 GC heap after
{Heap after GC invocations=36 (full 0):
 garbage-first heap   total 66560K, used 36485K [0x00000000c8e00000, 0x0000000100000000)
  region size 1024K, 2 young (2048K), 2 survivors (2048K)
 Metaspace       used 71775K, capacity 72383K, committed 72524K, reserved 1112064K
  class space    used 8839K, capacity 9049K, committed 9088K, reserved 1048576K
}
Event: 750.586 GC heap before
{Heap before GC invocations=36 (full 0):
 garbage-first heap   total 66560K, used 37509K [0x00000000c8e00000, 0x0000000100000000)
  region size 1024K, 3 young (3072K), 2 survivors (2048K)
 Metaspace       used 71935K, capacity 72588K, committed 72908K, reserved 1114112K
  class space    used 8854K, capacity 9093K, committed 9216K, reserved 1048576K
}
Event: 750.628 GC heap after
{Heap after GC invocations=37 (full 0):
 garbage-first heap   total 66560K, used 33667K [0x00000000c8e00000, 0x0000000100000000)
  region size 1024K, 1 young (1024K), 1 survivors (1024K)
 Metaspace       used 71935K, capacity 72588K, committed 72908K, reserved 1114112K
  class space    used 8854K, capacity 9093K, committed 9216K, reserved 1048576K
}
Event: 10480.224 GC heap before
{Heap before GC invocations=37 (full 0):
 garbage-first heap   total 66560K, used 52099K [0x00000000c8e00000, 0x0000000100000000)
  region size 1024K, 20 young (20480K), 1 survivors (1024K)
 Metaspace       used 72910K, capacity 73619K, committed 73932K, reserved 1114112K
  class space    used 8925K, capacity 9151K, committed 9216K, reserved 1048576K
}
Event: 10480.308 GC heap after
{Heap after GC invocations=38 (full 0):
 garbage-first heap   total 66560K, used 35074K [0x00000000c8e00000, 0x0000000100000000)
  region size 1024K, 2 young (2048K), 2 survivors (2048K)
 Metaspace       used 72910K, capacity 73619K, committed 73932K, reserved 1114112K
  class space    used 8925K, capacity 9151K, committed 9216K, reserved 1048576K
}

