# JRE version: OpenJDK Runtime Environment (15.0.2+7) (build 15.0.2+7-27)
# Java VM: OpenJDK 64-Bit Server VM (15.0.2+7-27, mixed mode, tiered, compressed oops, g1 gc, windows-amd64)
GC Precious Log:
 CPUs: 4 total, 4 available
 Memory: 3526M
 Large Page Support: Disabled
 NUMA Support: Disabled
 Compressed Oops: Enabled (32-bit)
 Heap Region Size: 1M
 Heap Min Capacity: 8M
 Heap Initial Capacity: 56M
 Heap Max Capacity: 882M
 Pre-touch: Disabled
 Parallel Workers: 4
 Concurrent Workers: 1
 Concurrent Refinement Workers: 4
 Periodic GC: Disabled
Heap:
 garbage-first heap   total 69632K, used 40941K [0x00000000c8e00000, 0x0000000100000000)
  region size 1024K, 16 young (16384K), 2 survivors (2048K)
 Metaspace       used 70936K, capacity 71500K, committed 71676K, reserved 1112064K
  class space    used 8479K, capacity 8672K, committed 8704K, reserved 1048576K
GC Heap History (20 events):
Event: 1774.433 GC heap before
{Heap before GC invocations=25 (full 0):
 garbage-first heap   total 69632K, used 54061K [0x00000000c8e00000, 0x0000000100000000)
  region size 1024K, 27 young (27648K), 3 survivors (3072K)
 Metaspace       used 62650K, capacity 63218K, committed 63356K, reserved 1103872K
  class space    used 7740K, capacity 7938K, committed 8064K, reserved 1048576K
}
Event: 1774.523 GC heap after
{Heap after GC invocations=26 (full 0):
 garbage-first heap   total 69632K, used 31342K [0x00000000c8e00000, 0x0000000100000000)
  region size 1024K, 4 young (4096K), 4 survivors (4096K)
 Metaspace       used 62650K, capacity 63218K, committed 63356K, reserved 1103872K
  class space    used 7740K, capacity 7938K, committed 8064K, reserved 1048576K
}
Event: 12555.182 GC heap before
{Heap before GC invocations=26 (full 0):
 garbage-first heap   total 69632K, used 53870K [0x00000000c8e00000, 0x0000000100000000)
  region size 1024K, 27 young (27648K), 4 survivors (4096K)
 Metaspace       used 67793K, capacity 68360K, committed 68476K, reserved 1110016K
  class space    used 8293K, capacity 8495K, committed 8576K, reserved 1048576K
}
Event: 12555.255 GC heap after
{Heap after GC invocations=27 (full 0):
 garbage-first heap   total 69632K, used 33430K [0x00000000c8e00000, 0x0000000100000000)
  region size 1024K, 3 young (3072K), 3 survivors (3072K)
 Metaspace       used 67793K, capacity 68360K, committed 68476K, reserved 1110016K
  class space    used 8293K, capacity 8495K, committed 8576K, reserved 1048576K
}
Event: 12832.336 GC heap before
{Heap before GC invocations=27 (full 0):
 garbage-first heap   total 69632K, used 54934K [0x00000000c8e00000, 0x0000000100000000)
  region size 1024K, 24 young (24576K), 3 survivors (3072K)
 Metaspace       used 69704K, capacity 70308K, committed 70396K, reserved 1112064K
  class space    used 8482K, capacity 8687K, committed 8704K, reserved 1048576K
}
Event: 12832.455 GC heap after
{Heap after GC invocations=28 (full 0):
 garbage-first heap   total 69632K, used 34256K [0x00000000c8e00000, 0x0000000100000000)
  region size 1024K, 2 young (2048K), 2 survivors (2048K)
 Metaspace       used 69704K, capacity 70308K, committed 70396K, reserved 1112064K
  class space    used 8482K, capacity 8687K, committed 8704K, reserved 1048576K
}
Event: 13540.926 GC heap before
{Heap before GC invocations=29 (full 0):
 garbage-first heap   total 69632K, used 55760K [0x00000000c8e00000, 0x0000000100000000)
  region size 1024K, 23 young (23552K), 2 survivors (2048K)
 Metaspace       used 69991K, capacity 70605K, committed 70908K, reserved 1112064K
  class space    used 8461K, capacity 8644K, committed 8704K, reserved 1048576K
}
Event: 13540.978 GC heap after
{Heap after GC invocations=30 (full 0):
 garbage-first heap   total 69632K, used 34396K [0x00000000c8e00000, 0x0000000100000000)
  region size 1024K, 2 young (2048K), 2 survivors (2048K)
 Metaspace       used 69991K, capacity 70605K, committed 70908K, reserved 1112064K
  class space    used 8461K, capacity 8644K, committed 8704K, reserved 1048576K
}
Event: 13541.038 GC heap before
{Heap before GC invocations=30 (full 0):
 garbage-first heap   total 69632K, used 35420K [0x00000000c8e00000, 0x0000000100000000)
  region size 1024K, 3 young (3072K), 2 survivors (2048K)
 Metaspace       used 69994K, capacity 70605K, committed 70908K, reserved 1112064K
  class space    used 8461K, capacity 8644K, committed 8704K, reserved 1048576K
}
Event: 13541.082 GC heap after
{Heap after GC invocations=31 (full 0):
 garbage-first heap   total 69632K, used 30588K [0x00000000c8e00000, 0x0000000100000000)
  region size 1024K, 1 young (1024K), 1 survivors (1024K)
 Metaspace       used 69994K, capacity 70605K, committed 70908K, reserved 1112064K
  class space    used 8461K, capacity 8644K, committed 8704K, reserved 1048576K
}
Event: 13541.148 GC heap before
{Heap before GC invocations=31 (full 0):
 garbage-first heap   total 69632K, used 32636K [0x00000000c8e00000, 0x0000000100000000)
  region size 1024K, 3 young (3072K), 1 survivors (1024K)
 Metaspace       used 70052K, capacity 70608K, committed 70908K, reserved 1112064K
  class space    used 8461K, capacity 8644K, committed 8704K, reserved 1048576K
}
Event: 13541.171 GC heap after
{Heap after GC invocations=32 (full 0):
 garbage-first heap   total 69632K, used 27643K [0x00000000c8e00000, 0x0000000100000000)
  region size 1024K, 1 young (1024K), 1 survivors (1024K)
 Metaspace       used 70052K, capacity 70608K, committed 70908K, reserved 1112064K
  class space    used 8461K, capacity 8644K, committed 8704K, reserved 1048576K
}
Event: 14231.460 GC heap before
{Heap before GC invocations=32 (full 0):
 garbage-first heap   total 69632K, used 56315K [0x00000000c8e00000, 0x0000000100000000)
  region size 1024K, 29 young (29696K), 1 survivors (1024K)
 Metaspace       used 70214K, capacity 70763K, committed 70908K, reserved 1112064K
  class space    used 8464K, capacity 8650K, committed 8704K, reserved 1048576K
}
Event: 14231.499 GC heap after
{Heap after GC invocations=33 (full 0):
 garbage-first heap   total 69632K, used 28230K [0x00000000c8e00000, 0x0000000100000000)
  region size 1024K, 1 young (1024K), 1 survivors (1024K)
 Metaspace       used 70214K, capacity 70763K, committed 70908K, reserved 1112064K
  class space    used 8464K, capacity 8650K, committed 8704K, reserved 1048576K
}
Event: 22951.636 GC heap before
{Heap before GC invocations=33 (full 0):
 garbage-first heap   total 69632K, used 57926K [0x00000000c8e00000, 0x0000000100000000)
  region size 1024K, 30 young (30720K), 1 survivors (1024K)
 Metaspace       used 70479K, capacity 71051K, committed 71164K, reserved 1112064K
  class space    used 8477K, capacity 8672K, committed 8704K, reserved 1048576K
}
Event: 22951.692 GC heap after
{Heap after GC invocations=34 (full 0):
 garbage-first heap   total 69632K, used 28901K [0x00000000c8e00000, 0x0000000100000000)
  region size 1024K, 2 young (2048K), 2 survivors (2048K)
 Metaspace       used 70479K, capacity 71051K, committed 71164K, reserved 1112064K
  class space    used 8477K, capacity 8672K, committed 8704K, reserved 1048576K
}
Event: 24840.404 GC heap before
{Heap before GC invocations=34 (full 0):
 garbage-first heap   total 69632K, used 57573K [0x00000000c8e00000, 0x0000000100000000)
  region size 1024K, 30 young (30720K), 2 survivors (2048K)
 Metaspace       used 70688K, capacity 71308K, committed 71420K, reserved 1112064K
  class space    used 8478K, capacity 8672K, committed 8704K, reserved 1048576K
}
Event: 24840.510 GC heap after
{Heap after GC invocations=35 (full 0):
 garbage-first heap   total 69632K, used 28410K [0x00000000c8e00000, 0x0000000100000000)
  region size 1024K, 1 young (1024K), 1 survivors (1024K)
 Metaspace       used 70688K, capacity 71308K, committed 71420K, reserved 1112064K
  class space    used 8478K, capacity 8672K, committed 8704K, reserved 1048576K
}
Event: 28402.438 GC heap before
{Heap before GC invocations=35 (full 0):
 garbage-first heap   total 69632K, used 58106K [0x00000000c8e00000, 0x0000000100000000)
  region size 1024K, 30 young (30720K), 1 survivors (1024K)
 Metaspace       used 70850K, capacity 71436K, committed 71676K, reserved 1112064K
  class space    used 8478K, capacity 8672K, committed 8704K, reserved 1048576K
}
Event: 28402.503 GC heap after
{Heap after GC invocations=36 (full 0):
 garbage-first heap   total 69632K, used 28653K [0x00000000c8e00000, 0x0000000100000000)
  region size 1024K, 2 young (2048K), 2 survivors (2048K)
 Metaspace       used 70850K, capacity 71436K, committed 71676K, reserved 1112064K
  class space    used 8478K, capacity 8672K, committed 8704K, reserved 1048576K
}

