# JRE version: OpenJDK Runtime Environment (15.0.2+7) (build 15.0.2+7-27)
# Java VM: OpenJDK 64-Bit Server VM (15.0.2+7-27, mixed mode, tiered, compressed oops, g1 gc, windows-amd64)
GC Precious Log:
 CPUs: 4 total, 4 available
 Memory: 3526M
 Large Page Support: Disabled
 NUMA Support: Disabled
 Compressed Oops: Enabled (32-bit)
 Heap Region Size: 1M
 Heap Min Capacity: 8M
 Heap Initial Capacity: 56M
 Heap Max Capacity: 882M
 Pre-touch: Disabled
 Parallel Workers: 4
 Concurrent Workers: 1
 Concurrent Refinement Workers: 4
 Periodic GC: Disabled
Heap:
 garbage-first heap   total 72704K, used 33289K [0x00000000c8e00000, 0x0000000100000000)
  region size 1024K, 7 young (7168K), 1 survivors (1024K)
 Metaspace       used 75429K, capacity 76003K, committed 76236K, reserved 1116160K
  class space    used 8952K, capacity 9161K, committed 9216K, reserved 1048576K
GC Heap History (20 events):
Event: 1659.621 GC heap before
{Heap before GC invocations=38 (full 0):
 garbage-first heap   total 72704K, used 36917K [0x00000000c8e00000, 0x0000000100000000)
  region size 1024K, 3 young (3072K), 2 survivors (2048K)
 Metaspace       used 72834K, capacity 73496K, committed 73676K, reserved 1114112K
  class space    used 8970K, capacity 9208K, committed 9216K, reserved 1048576K
}
Event: 1659.746 GC heap after
{Heap after GC invocations=39 (full 0):
 garbage-first heap   total 72704K, used 33813K [0x00000000c8e00000, 0x0000000100000000)
  region size 1024K, 1 young (1024K), 1 survivors (1024K)
 Metaspace       used 72834K, capacity 73496K, committed 73676K, reserved 1114112K
  class space    used 8970K, capacity 9208K, committed 9216K, reserved 1048576K
}
Event: 1661.910 GC heap before
{Heap before GC invocations=39 (full 0):
 garbage-first heap   total 72704K, used 56341K [0x00000000c8e00000, 0x0000000100000000)
  region size 1024K, 24 young (24576K), 1 survivors (1024K)
 Metaspace       used 73621K, capacity 74284K, committed 74444K, reserved 1114112K
  class space    used 8976K, capacity 9213K, committed 9216K, reserved 1048576K
}
Event: 1661.921 GC heap after
{Heap after GC invocations=40 (full 0):
 garbage-first heap   total 72704K, used 34287K [0x00000000c8e00000, 0x0000000100000000)
  region size 1024K, 1 young (1024K), 1 survivors (1024K)
 Metaspace       used 73621K, capacity 74284K, committed 74444K, reserved 1114112K
  class space    used 8976K, capacity 9213K, committed 9216K, reserved 1048576K
}
Event: 1663.673 GC heap before
{Heap before GC invocations=41 (full 0):
 garbage-first heap   total 72704K, used 56815K [0x00000000c8e00000, 0x0000000100000000)
  region size 1024K, 24 young (24576K), 1 survivors (1024K)
 Metaspace       used 74063K, capacity 74659K, committed 74956K, reserved 1116160K
  class space    used 8950K, capacity 9161K, committed 9216K, reserved 1048576K
}
Event: 1663.690 GC heap after
{Heap after GC invocations=42 (full 0):
 garbage-first heap   total 72704K, used 34427K [0x00000000c8e00000, 0x0000000100000000)
  region size 1024K, 1 young (1024K), 1 survivors (1024K)
 Metaspace       used 74063K, capacity 74659K, committed 74956K, reserved 1116160K
  class space    used 8950K, capacity 9161K, committed 9216K, reserved 1048576K
}
Event: 1663.773 GC heap before
{Heap before GC invocations=42 (full 0):
 garbage-first heap   total 72704K, used 35451K [0x00000000c8e00000, 0x0000000100000000)
  region size 1024K, 3 young (3072K), 1 survivors (1024K)
 Metaspace       used 74076K, capacity 74659K, committed 74956K, reserved 1116160K
  class space    used 8950K, capacity 9161K, committed 9216K, reserved 1048576K
}
Event: 1663.840 GC heap after
{Heap after GC invocations=43 (full 0):
 garbage-first heap   total 72704K, used 30900K [0x00000000c8e00000, 0x0000000100000000)
  region size 1024K, 1 young (1024K), 1 survivors (1024K)
 Metaspace       used 74076K, capacity 74659K, committed 74956K, reserved 1116160K
  class space    used 8950K, capacity 9161K, committed 9216K, reserved 1048576K
}
Event: 1663.923 GC heap before
{Heap before GC invocations=43 (full 0):
 garbage-first heap   total 72704K, used 31924K [0x00000000c8e00000, 0x0000000100000000)
  region size 1024K, 3 young (3072K), 1 survivors (1024K)
 Metaspace       used 74082K, capacity 74659K, committed 74956K, reserved 1116160K
  class space    used 8950K, capacity 9161K, committed 9216K, reserved 1048576K
}
Event: 1663.951 GC heap after
{Heap after GC invocations=44 (full 0):
 garbage-first heap   total 72704K, used 29050K [0x00000000c8e00000, 0x0000000100000000)
  region size 1024K, 1 young (1024K), 1 survivors (1024K)
 Metaspace       used 74082K, capacity 74659K, committed 74956K, reserved 1116160K
  class space    used 8950K, capacity 9161K, committed 9216K, reserved 1048576K
}
Event: 1665.524 GC heap before
{Heap before GC invocations=44 (full 0):
 garbage-first heap   total 72704K, used 56698K [0x00000000c8e00000, 0x0000000100000000)
  region size 1024K, 29 young (29696K), 1 survivors (1024K)
 Metaspace       used 74958K, capacity 75555K, committed 75980K, reserved 1116160K
  class space    used 8951K, capacity 9161K, committed 9216K, reserved 1048576K
}
Event: 1665.533 GC heap after
{Heap after GC invocations=45 (full 0):
 garbage-first heap   total 72704K, used 28937K [0x00000000c8e00000, 0x0000000100000000)
  region size 1024K, 1 young (1024K), 1 survivors (1024K)
 Metaspace       used 74958K, capacity 75555K, committed 75980K, reserved 1116160K
  class space    used 8951K, capacity 9161K, committed 9216K, reserved 1048576K
}
Event: 1666.921 GC heap before
{Heap before GC invocations=45 (full 0):
 garbage-first heap   total 72704K, used 57609K [0x00000000c8e00000, 0x0000000100000000)
  region size 1024K, 30 young (30720K), 1 survivors (1024K)
 Metaspace       used 75242K, capacity 75811K, committed 76236K, reserved 1116160K
  class space    used 8952K, capacity 9161K, committed 9216K, reserved 1048576K
}
Event: 1666.923 GC heap after
{Heap after GC invocations=46 (full 0):
 garbage-first heap   total 72704K, used 28961K [0x00000000c8e00000, 0x0000000100000000)
  region size 1024K, 1 young (1024K), 1 survivors (1024K)
 Metaspace       used 75242K, capacity 75811K, committed 76236K, reserved 1116160K
  class space    used 8952K, capacity 9161K, committed 9216K, reserved 1048576K
}
Event: 1668.302 GC heap before
{Heap before GC invocations=46 (full 0):
 garbage-first heap   total 72704K, used 58657K [0x00000000c8e00000, 0x0000000100000000)
  region size 1024K, 31 young (31744K), 1 survivors (1024K)
 Metaspace       used 75333K, capacity 75875K, committed 76236K, reserved 1116160K
  class space    used 8952K, capacity 9161K, committed 9216K, reserved 1048576K
}
Event: 1668.305 GC heap after
{Heap after GC invocations=47 (full 0):
 garbage-first heap   total 72704K, used 29141K [0x00000000c8e00000, 0x0000000100000000)
  region size 1024K, 1 young (1024K), 1 survivors (1024K)
 Metaspace       used 75333K, capacity 75875K, committed 76236K, reserved 1116160K
  class space    used 8952K, capacity 9161K, committed 9216K, reserved 1048576K
}
Event: 1669.675 GC heap before
{Heap before GC invocations=47 (full 0):
 garbage-first heap   total 72704K, used 58837K [0x00000000c8e00000, 0x0000000100000000)
  region size 1024K, 31 young (31744K), 1 survivors (1024K)
 Metaspace       used 75374K, capacity 75939K, committed 76236K, reserved 1116160K
  class space    used 8952K, capacity 9161K, committed 9216K, reserved 1048576K
}
Event: 1669.678 GC heap after
{Heap after GC invocations=48 (full 0):
 garbage-first heap   total 72704K, used 29020K [0x00000000c8e00000, 0x0000000100000000)
  region size 1024K, 1 young (1024K), 1 survivors (1024K)
 Metaspace       used 75374K, capacity 75939K, committed 76236K, reserved 1116160K
  class space    used 8952K, capacity 9161K, committed 9216K, reserved 1048576K
}
Event: 1670.901 GC heap before
{Heap before GC invocations=48 (full 0):
 garbage-first heap   total 72704K, used 59740K [0x00000000c8e00000, 0x0000000100000000)
  region size 1024K, 32 young (32768K), 1 survivors (1024K)
 Metaspace       used 75424K, capacity 76003K, committed 76236K, reserved 1116160K
  class space    used 8952K, capacity 9161K, committed 9216K, reserved 1048576K
}
Event: 1670.905 GC heap after
{Heap after GC invocations=49 (full 0):
 garbage-first heap   total 72704K, used 29193K [0x00000000c8e00000, 0x0000000100000000)
  region size 1024K, 1 young (1024K), 1 survivors (1024K)
 Metaspace       used 75424K, capacity 76003K, committed 76236K, reserved 1116160K
  class space    used 8952K, capacity 9161K, committed 9216K, reserved 1048576K
}

