# JRE version: OpenJDK Runtime Environment (15.0.2+7) (build 15.0.2+7-27)
# Java VM: OpenJDK 64-Bit Server VM (15.0.2+7-27, mixed mode, tiered, compressed oops, g1 gc, windows-amd64)
GC Precious Log:
 CPUs: 4 total, 4 available
 Memory: 3526M
 Large Page Support: Disabled
 NUMA Support: Disabled
 Compressed Oops: Enabled (32-bit)
 Heap Region Size: 1M
 Heap Min Capacity: 8M
 Heap Initial Capacity: 56M
 Heap Max Capacity: 882M
 Pre-touch: Disabled
 Parallel Workers: 4
 Concurrent Workers: 1
 Concurrent Refinement Workers: 4
 Periodic GC: Disabled
Heap:
 garbage-first heap   total 70656K, used 41780K [0x00000000c8e00000, 0x0000000100000000)
  region size 1024K, 11 young (11264K), 1 survivors (1024K)
 Metaspace       used 74403K, capacity 75019K, committed 75136K, reserved 1116160K
  class space    used 8840K, capacity 9077K, committed 9088K, reserved 1048576K
GC Heap History (20 events):
Event: 66.299 GC heap before
{Heap before GC invocations=40 (full 0):
 garbage-first heap   total 70656K, used 57920K [0x00000000c8e00000, 0x0000000100000000)
  region size 1024K, 26 young (26624K), 1 survivors (1024K)
 Metaspace       used 74120K, capacity 74763K, committed 74880K, reserved 1116160K
  class space    used 8838K, capacity 9077K, committed 9088K, reserved 1048576K
}
Event: 66.303 GC heap after
{Heap after GC invocations=41 (full 0):
 garbage-first heap   total 70656K, used 33276K [0x00000000c8e00000, 0x0000000100000000)
  region size 1024K, 1 young (1024K), 1 survivors (1024K)
 Metaspace       used 74120K, capacity 74763K, committed 74880K, reserved 1116160K
  class space    used 8838K, capacity 9077K, committed 9088K, reserved 1048576K
}
Event: 67.310 GC heap before
{Heap before GC invocations=41 (full 0):
 garbage-first heap   total 70656K, used 58876K [0x00000000c8e00000, 0x0000000100000000)
  region size 1024K, 27 young (27648K), 1 survivors (1024K)
 Metaspace       used 74202K, capacity 74827K, committed 74880K, reserved 1116160K
  class space    used 8838K, capacity 9077K, committed 9088K, reserved 1048576K
}
Event: 67.313 GC heap after
{Heap after GC invocations=42 (full 0):
 garbage-first heap   total 70656K, used 33244K [0x00000000c8e00000, 0x0000000100000000)
  region size 1024K, 1 young (1024K), 1 survivors (1024K)
 Metaspace       used 74202K, capacity 74827K, committed 74880K, reserved 1116160K
  class space    used 8838K, capacity 9077K, committed 9088K, reserved 1048576K
}
Event: 70.265 GC heap before
{Heap before GC invocations=43 (full 0):
 garbage-first heap   total 70656K, used 58844K [0x00000000c8e00000, 0x0000000100000000)
  region size 1024K, 27 young (27648K), 1 survivors (1024K)
 Metaspace       used 74300K, capacity 74955K, committed 75136K, reserved 1116160K
  class space    used 8839K, capacity 9077K, committed 9088K, reserved 1048576K
}
Event: 70.268 GC heap after
{Heap after GC invocations=44 (full 0):
 garbage-first heap   total 70656K, used 33278K [0x00000000c8e00000, 0x0000000100000000)
  region size 1024K, 1 young (1024K), 1 survivors (1024K)
 Metaspace       used 74300K, capacity 74955K, committed 75136K, reserved 1116160K
  class space    used 8839K, capacity 9077K, committed 9088K, reserved 1048576K
}
Event: 72.155 GC heap before
{Heap before GC invocations=44 (full 0):
 garbage-first heap   total 70656K, used 58878K [0x00000000c8e00000, 0x0000000100000000)
  region size 1024K, 27 young (27648K), 1 survivors (1024K)
 Metaspace       used 74356K, capacity 75019K, committed 75136K, reserved 1116160K
  class space    used 8840K, capacity 9077K, committed 9088K, reserved 1048576K
}
Event: 72.158 GC heap after
{Heap after GC invocations=45 (full 0):
 garbage-first heap   total 70656K, used 33298K [0x00000000c8e00000, 0x0000000100000000)
  region size 1024K, 1 young (1024K), 1 survivors (1024K)
 Metaspace       used 74356K, capacity 75019K, committed 75136K, reserved 1116160K
  class space    used 8840K, capacity 9077K, committed 9088K, reserved 1048576K
}
Event: 73.309 GC heap before
{Heap before GC invocations=46 (full 0):
 garbage-first heap   total 70656K, used 59922K [0x00000000c8e00000, 0x0000000100000000)
  region size 1024K, 28 young (28672K), 1 survivors (1024K)
 Metaspace       used 74357K, capacity 75019K, committed 75136K, reserved 1116160K
  class space    used 8840K, capacity 9077K, committed 9088K, reserved 1048576K
}
Event: 73.312 GC heap after
{Heap after GC invocations=47 (full 0):
 garbage-first heap   total 70656K, used 33311K [0x00000000c8e00000, 0x0000000100000000)
  region size 1024K, 1 young (1024K), 1 survivors (1024K)
 Metaspace       used 74357K, capacity 75019K, committed 75136K, reserved 1116160K
  class space    used 8840K, capacity 9077K, committed 9088K, reserved 1048576K
}
Event: 75.311 GC heap before
{Heap before GC invocations=47 (full 0):
 garbage-first heap   total 70656K, used 59935K [0x00000000c8e00000, 0x0000000100000000)
  region size 1024K, 28 young (28672K), 1 survivors (1024K)
 Metaspace       used 74359K, capacity 75019K, committed 75136K, reserved 1116160K
  class space    used 8840K, capacity 9077K, committed 9088K, reserved 1048576K
}
Event: 75.315 GC heap after
{Heap after GC invocations=48 (full 0):
 garbage-first heap   total 70656K, used 33340K [0x00000000c8e00000, 0x0000000100000000)
  region size 1024K, 1 young (1024K), 1 survivors (1024K)
 Metaspace       used 74359K, capacity 75019K, committed 75136K, reserved 1116160K
  class space    used 8840K, capacity 9077K, committed 9088K, reserved 1048576K
}
Event: 77.130 GC heap before
{Heap before GC invocations=49 (full 0):
 garbage-first heap   total 70656K, used 59964K [0x00000000c8e00000, 0x0000000100000000)
  region size 1024K, 28 young (28672K), 1 survivors (1024K)
 Metaspace       used 74364K, capacity 75019K, committed 75136K, reserved 1116160K
  class space    used 8840K, capacity 9077K, committed 9088K, reserved 1048576K
}
Event: 77.134 GC heap after
{Heap after GC invocations=50 (full 0):
 garbage-first heap   total 70656K, used 33385K [0x00000000c8e00000, 0x0000000100000000)
  region size 1024K, 1 young (1024K), 1 survivors (1024K)
 Metaspace       used 74364K, capacity 75019K, committed 75136K, reserved 1116160K
  class space    used 8840K, capacity 9077K, committed 9088K, reserved 1048576K
}
Event: 78.883 GC heap before
{Heap before GC invocations=50 (full 0):
 garbage-first heap   total 70656K, used 60009K [0x00000000c8e00000, 0x0000000100000000)
  region size 1024K, 28 young (28672K), 1 survivors (1024K)
 Metaspace       used 74372K, capacity 75019K, committed 75136K, reserved 1116160K
  class space    used 8840K, capacity 9077K, committed 9088K, reserved 1048576K
}
Event: 78.886 GC heap after
{Heap after GC invocations=51 (full 0):
 garbage-first heap   total 70656K, used 33450K [0x00000000c8e00000, 0x0000000100000000)
  region size 1024K, 1 young (1024K), 1 survivors (1024K)
 Metaspace       used 74372K, capacity 75019K, committed 75136K, reserved 1116160K
  class space    used 8840K, capacity 9077K, committed 9088K, reserved 1048576K
}
Event: 80.629 GC heap before
{Heap before GC invocations=52 (full 0):
 garbage-first heap   total 70656K, used 60074K [0x00000000c8e00000, 0x0000000100000000)
  region size 1024K, 28 young (28672K), 1 survivors (1024K)
 Metaspace       used 74372K, capacity 75019K, committed 75136K, reserved 1116160K
  class space    used 8840K, capacity 9077K, committed 9088K, reserved 1048576K
}
Event: 80.633 GC heap after
{Heap after GC invocations=53 (full 0):
 garbage-first heap   total 70656K, used 33402K [0x00000000c8e00000, 0x0000000100000000)
  region size 1024K, 1 young (1024K), 1 survivors (1024K)
 Metaspace       used 74372K, capacity 75019K, committed 75136K, reserved 1116160K
  class space    used 8840K, capacity 9077K, committed 9088K, reserved 1048576K
}
Event: 81.100 GC heap before
{Heap before GC invocations=53 (full 0):
 garbage-first heap   total 70656K, used 60026K [0x00000000c8e00000, 0x0000000100000000)
  region size 1024K, 28 young (28672K), 1 survivors (1024K)
 Metaspace       used 74372K, capacity 75019K, committed 75136K, reserved 1116160K
  class space    used 8840K, capacity 9077K, committed 9088K, reserved 1048576K
}
Event: 81.104 GC heap after
{Heap after GC invocations=54 (full 0):
 garbage-first heap   total 70656K, used 33441K [0x00000000c8e00000, 0x0000000100000000)
  region size 1024K, 1 young (1024K), 1 survivors (1024K)
 Metaspace       used 74372K, capacity 75019K, committed 75136K, reserved 1116160K
  class space    used 8840K, capacity 9077K, committed 9088K, reserved 1048576K
}

