# JRE version: OpenJDK Runtime Environment (15.0.2+7) (build 15.0.2+7-27)
# Java VM: OpenJDK 64-Bit Server VM (15.0.2+7-27, mixed mode, tiered, compressed oops, g1 gc, windows-amd64)
GC Precious Log:
 CPUs: 4 total, 4 available
 Memory: 3526M
 Large Page Support: Disabled
 NUMA Support: Disabled
 Compressed Oops: Enabled (32-bit)
 Heap Region Size: 1M
 Heap Min Capacity: 8M
 Heap Initial Capacity: 56M
 Heap Max Capacity: 882M
 Pre-touch: Disabled
 Parallel Workers: 4
 Concurrent Workers: 1
 Concurrent Refinement Workers: 4
 Periodic GC: Disabled
Heap:
 garbage-first heap   total 51200K, used 31573K [0x00000000c8e00000, 0x0000000100000000)
  region size 1024K, 14 young (14336K), 2 survivors (2048K)
 Metaspace       used 48997K, capacity 49501K, committed 49740K, reserved 1093632K
  class space    used 5816K, capacity 5991K, committed 6016K, reserved 1048576K
GC Heap History (20 events):
Event: 5.560 GC heap before
{Heap before GC invocations=6 (full 0):
 garbage-first heap   total 41984K, used 26961K [0x00000000c8e00000, 0x0000000100000000)
  region size 1024K, 21 young (21504K), 3 survivors (3072K)
 Metaspace       used 23917K, capacity 24083K, committed 24192K, reserved 1071104K
  class space    used 2596K, capacity 2668K, committed 2688K, reserved 1048576K
}
Event: 5.563 GC heap after
{Heap after GC invocations=7 (full 0):
 garbage-first heap   total 41984K, used 9421K [0x00000000c8e00000, 0x0000000100000000)
  region size 1024K, 2 young (2048K), 2 survivors (2048K)
 Metaspace       used 23917K, capacity 24083K, committed 24192K, reserved 1071104K
  class space    used 2596K, capacity 2668K, committed 2688K, reserved 1048576K
}
Event: 6.111 GC heap before
{Heap before GC invocations=7 (full 0):
 garbage-first heap   total 41984K, used 27853K [0x00000000c8e00000, 0x0000000100000000)
  region size 1024K, 21 young (21504K), 2 survivors (2048K)
 Metaspace       used 25605K, capacity 25924K, committed 26240K, reserved 1073152K
  class space    used 2754K, capacity 2871K, committed 2944K, reserved 1048576K
}
Event: 6.115 GC heap after
{Heap after GC invocations=8 (full 0):
 garbage-first heap   total 41984K, used 10516K [0x00000000c8e00000, 0x0000000100000000)
  region size 1024K, 3 young (3072K), 3 survivors (3072K)
 Metaspace       used 25605K, capacity 25924K, committed 26240K, reserved 1073152K
  class space    used 2754K, capacity 2871K, committed 2944K, reserved 1048576K
}
Event: 7.208 GC heap before
{Heap before GC invocations=8 (full 0):
 garbage-first heap   total 41984K, used 29972K [0x00000000c8e00000, 0x0000000100000000)
  region size 1024K, 22 young (22528K), 3 survivors (3072K)
 Metaspace       used 28375K, capacity 28677K, committed 28928K, reserved 1075200K
  class space    used 3116K, capacity 3208K, committed 3328K, reserved 1048576K
}
Event: 7.218 GC heap after
{Heap after GC invocations=9 (full 0):
 garbage-first heap   total 41984K, used 11483K [0x00000000c8e00000, 0x0000000100000000)
  region size 1024K, 3 young (3072K), 3 survivors (3072K)
 Metaspace       used 28375K, capacity 28677K, committed 28928K, reserved 1075200K
  class space    used 3116K, capacity 3208K, committed 3328K, reserved 1048576K
}
Event: 8.174 GC heap before
{Heap before GC invocations=9 (full 0):
 garbage-first heap   total 41984K, used 29915K [0x00000000c8e00000, 0x0000000100000000)
  region size 1024K, 21 young (21504K), 3 survivors (3072K)
 Metaspace       used 31619K, capacity 31998K, committed 32128K, reserved 1077248K
  class space    used 3544K, capacity 3641K, committed 3712K, reserved 1048576K
}
Event: 8.185 GC heap after
{Heap after GC invocations=10 (full 0):
 garbage-first heap   total 41984K, used 13132K [0x00000000c8e00000, 0x0000000100000000)
  region size 1024K, 3 young (3072K), 3 survivors (3072K)
 Metaspace       used 31619K, capacity 31998K, committed 32128K, reserved 1077248K
  class space    used 3544K, capacity 3641K, committed 3712K, reserved 1048576K
}
Event: 9.289 GC heap before
{Heap before GC invocations=10 (full 0):
 garbage-first heap   total 41984K, used 30540K [0x00000000c8e00000, 0x0000000100000000)
  region size 1024K, 20 young (20480K), 3 survivors (3072K)
 Metaspace       used 35170K, capacity 35567K, committed 35584K, reserved 1081344K
  class space    used 3967K, capacity 4084K, committed 4096K, reserved 1048576K
}
Event: 9.306 GC heap after
{Heap after GC invocations=11 (full 0):
 garbage-first heap   total 41984K, used 15457K [0x00000000c8e00000, 0x0000000100000000)
  region size 1024K, 3 young (3072K), 3 survivors (3072K)
 Metaspace       used 35170K, capacity 35567K, committed 35584K, reserved 1081344K
  class space    used 3967K, capacity 4084K, committed 4096K, reserved 1048576K
}
Event: 9.366 GC heap before
{Heap before GC invocations=11 (full 0):
 garbage-first heap   total 41984K, used 15457K [0x00000000c8e00000, 0x0000000100000000)
  region size 1024K, 4 young (4096K), 3 survivors (3072K)
 Metaspace       used 35442K, capacity 35823K, committed 35840K, reserved 1081344K
  class space    used 3985K, capacity 4084K, committed 4096K, reserved 1048576K
}
Event: 9.374 GC heap after
{Heap after GC invocations=12 (full 0):
 garbage-first heap   total 51200K, used 15739K [0x00000000c8e00000, 0x0000000100000000)
  region size 1024K, 1 young (1024K), 1 survivors (1024K)
 Metaspace       used 35442K, capacity 35823K, committed 35840K, reserved 1081344K
  class space    used 3985K, capacity 4084K, committed 4096K, reserved 1048576K
}
Event: 9.561 GC heap before
{Heap before GC invocations=13 (full 0):
 garbage-first heap   total 51200K, used 37243K [0x00000000c8e00000, 0x0000000100000000)
  region size 1024K, 23 young (23552K), 1 survivors (1024K)
 Metaspace       used 35715K, capacity 36047K, committed 36172K, reserved 1081344K
  class space    used 4009K, capacity 4116K, committed 4224K, reserved 1048576K
}
Event: 9.565 GC heap after
{Heap after GC invocations=14 (full 0):
 garbage-first heap   total 51200K, used 15803K [0x00000000c8e00000, 0x0000000100000000)
  region size 1024K, 1 young (1024K), 1 survivors (1024K)
 Metaspace       used 35715K, capacity 36047K, committed 36172K, reserved 1081344K
  class space    used 4009K, capacity 4116K, committed 4224K, reserved 1048576K
}
Event: 9.938 GC heap before
{Heap before GC invocations=14 (full 0):
 garbage-first heap   total 51200K, used 38331K [0x00000000c8e00000, 0x0000000100000000)
  region size 1024K, 24 young (24576K), 1 survivors (1024K)
 Metaspace       used 36129K, capacity 36499K, committed 36684K, reserved 1081344K
  class space    used 4061K, capacity 4181K, committed 4224K, reserved 1048576K
}
Event: 9.942 GC heap after
{Heap after GC invocations=15 (full 0):
 garbage-first heap   total 51200K, used 15817K [0x00000000c8e00000, 0x0000000100000000)
  region size 1024K, 1 young (1024K), 1 survivors (1024K)
 Metaspace       used 36129K, capacity 36499K, committed 36684K, reserved 1081344K
  class space    used 4061K, capacity 4181K, committed 4224K, reserved 1048576K
}
Event: 11.323 GC heap before
{Heap before GC invocations=15 (full 0):
 garbage-first heap   total 51200K, used 38345K [0x00000000c8e00000, 0x0000000100000000)
  region size 1024K, 24 young (24576K), 1 survivors (1024K)
 Metaspace       used 40321K, capacity 40723K, committed 41036K, reserved 1085440K
  class space    used 4532K, capacity 4670K, committed 4736K, reserved 1048576K
}
Event: 11.331 GC heap after
{Heap after GC invocations=16 (full 0):
 garbage-first heap   total 51200K, used 18499K [0x00000000c8e00000, 0x0000000100000000)
  region size 1024K, 3 young (3072K), 3 survivors (3072K)
 Metaspace       used 40321K, capacity 40723K, committed 41036K, reserved 1085440K
  class space    used 4532K, capacity 4670K, committed 4736K, reserved 1048576K
}
Event: 12.688 GC heap before
{Heap before GC invocations=16 (full 0):
 garbage-first heap   total 51200K, used 38979K [0x00000000c8e00000, 0x0000000100000000)
  region size 1024K, 24 young (24576K), 3 survivors (3072K)
 Metaspace       used 45825K, capacity 46298K, committed 46540K, reserved 1089536K
  class space    used 5371K, capacity 5542K, committed 5632K, reserved 1048576K
}
Event: 12.698 GC heap after
{Heap after GC invocations=17 (full 0):
 garbage-first heap   total 51200K, used 20309K [0x00000000c8e00000, 0x0000000100000000)
  region size 1024K, 2 young (2048K), 2 survivors (2048K)
 Metaspace       used 45825K, capacity 46298K, committed 46540K, reserved 1089536K
  class space    used 5371K, capacity 5542K, committed 5632K, reserved 1048576K
}

